
> hospital-bot@1.0.0 start:all
> cd ..\hospital-admin && npm run build && cd ..\hospital-bot && if exist dist (rmdir /s /q dist) && mkdir dist && xcopy /Y /E ..\hospital-admin\dist\* dist\ && node server.js


> hospital-admin@0.0.0 build
> vite build

[36mvite v8.1.0 [32mbuilding client environment for production...[36m[39m
[2Ktransforming...✓ 98 modules transformed.
rendering chunks...
computing gzip size...
dist/index.html                   0.46 kB │ gzip:   0.29 kB
dist/assets/index-nqMpL4T3.css    1.78 kB │ gzip:   0.81 kB
dist/assets/index-YlB8DlaW.js   779.46 kB │ gzip: 259.29 kB

[32m✓ built in 667ms[39m
[33m[plugin builtin:vite-reporter] 
(!) Some chunks are larger than 500 kB after minification. Consider:
- Using dynamic import() to code-split the application
- Use build.rolldownOptions.output.codeSplitting to improve chunking: https://rolldown.rs/reference/OutputOptions.codeSplitting
- Adjust chunk size limit for this warning via build.chunkSizeWarningLimit.[39m
..\hospital-admin\dist\favicon.svg
..\hospital-admin\dist\icons.svg
..\hospital-admin\dist\index.html
..\hospital-admin\dist\assets\index-nqMpL4T3.css
..\hospital-admin\dist\assets\index-YlB8DlaW.js
5 File(s) copied
🚀 बैकएंड सर्वर पोर्ट 5000 पर शानदार चल रहा है।
